
Showing logs for build [32mcb-kubecd-bdd-gh-1583822580-pr-zc64q-1[0m stage [32mfrom-build-pack[0m and container [32mstep-credential-initializer-cj6t8[0m
{"level":"warn","ts":1583823930.6745875,"logger":"fallback-logger","caller":"logging/config.go:69","msg":"Fetch GitHub commit ID from kodata failed: \"ref: refs/heads/0.8.0-**-support-backwards-incompats\" is not a valid GitHub commit ID"}
{"level":"info","ts":1583823930.6756306,"logger":"fallback-logger","caller":"creds-init/main.go:40","msg":"Credentials initialized."}

Showing logs for build [32mcb-kubecd-bdd-gh-1583822580-pr-zc64q-1[0m stage [32mfrom-build-pack[0m and container [32mstep-working-dir-initializer-t85dz[0m
{"level":"warn","ts":1583823932.0654483,"logger":"fallback-logger","caller":"logging/config.go:69","msg":"Fetch GitHub commit ID from kodata failed: open /var/run/ko/HEAD: no such file or directory"}
{"level":"info","ts":1583823932.0667143,"logger":"fallback-logger","caller":"bash/main.go:64","msg":"Successfully executed command \"sh -c mkdir -p /workspace/source\"; output "}

Showing logs for build [32mcb-kubecd-bdd-gh-1583822580-pr-zc64q-1[0m stage [32mfrom-build-pack[0m and container [32mstep-place-tools[0m

Showing logs for build [32mcb-kubecd-bdd-gh-1583822580-pr-zc64q-1[0m stage [32mfrom-build-pack[0m and container [32mstep-git-source-cb-kubecd-bdd-gh-1583822580-pr-zc64q-x2rdx[0m
{"level":"warn","ts":1583823937.2011614,"logger":"fallback-logger","caller":"logging/config.go:69","msg":"Fetch GitHub commit ID from kodata failed: \"ref: refs/heads/0.8.0-**-support-backwards-incompats\" is not a valid GitHub commit ID"}
{"level":"info","ts":1583823938.2356858,"logger":"fallback-logger","caller":"git/git.go:103","msg":"Successfully cloned https://github.com/cb-kubecd/bdd-gh-1583822580.git @ master in path /workspace/source"}

Showing logs for build [32mcb-kubecd-bdd-gh-1583822580-pr-zc64q-1[0m stage [32mfrom-build-pack[0m and container [32mstep-git-merge[0m
Using SHAs from PULL_REFS=master:0a441c6c1412e40304e5353409844ca843518e13,1:b469cc66d0719d942cfd32e4bbe9004b207af89e
DEBUG: LC_ALL=C JX_LOG_LEVEL=error git fetch origin --unshallow b469cc66d0719d942cfd32e4bbe9004b207af89e: 0a441c6c1412e40304e5353409844ca843518e13:
DEBUG: ran git fetch --unshallow origin b469cc66d0719d942cfd32e4bbe9004b207af89e: 0a441c6c1412e40304e5353409844ca843518e13: in 
DEBUG: LC_ALL=C JX_LOG_LEVEL=error git branch
DEBUG: LC_ALL=C JX_LOG_LEVEL=error git checkout master
DEBUG: ran git checkout master in 
DEBUG: LC_ALL=C JX_LOG_LEVEL=error git reset --hard 0a441c6c1412e40304e5353409844ca843518e13
DEBUG: ran git reset --hard 0a441c6c1412e40304e5353409844ca843518e13 in 
DEBUG: LC_ALL=C JX_LOG_LEVEL=error git clean -fd .
DEBUG: ran clean --force -d . in 
DEBUG: LC_ALL=C JX_LOG_LEVEL=error git merge b469cc66d0719d942cfd32e4bbe9004b207af89e
DEBUG: ran git merge b469cc66d0719d942cfd32e4bbe9004b207af89e in 
DEBUG: JX_LOG_LEVEL=error LC_ALL=C git log --format=%H%x1f%an%x1f%ae%x1f%cn%x1f%ce%x1f%s%n%b%x1e 0a441c6c1412e40304e5353409844ca843518e13..HEAD
Merged SHA b469cc66d0719d942cfd32e4bbe9004b207af89e with commit message 'My first PR commit' into base branch master

Showing logs for build [32mcb-kubecd-bdd-gh-1583822580-pr-zc64q-1[0m stage [32mfrom-build-pack[0m and container [32mstep-build-make-linux[0m
CGO_ENABLED=0 GOOS=linux GOARCH=amd64 GO15VENDOREXPERIMENT=1 go build -ldflags '' -o bin/bdd-gh-1583822580 main.go

Showing logs for build [32mcb-kubecd-bdd-gh-1583822580-pr-zc64q-1[0m stage [32mfrom-build-pack[0m and container [32mstep-build-container-build[0m
[36mINFO[0m[0000] No base image, nothing to extract            
[36mINFO[0m[0000] cmd: EXPOSE                                  
[36mINFO[0m[0000] Adding exposed port: 8080/tcp                
[36mINFO[0m[0000] Using files from context: [/workspace/source/bin] 
[36mINFO[0m[0000] Skipping unpacking as no commands require it. 
[36mINFO[0m[0000] Taking snapshot of full filesystem...        
[36mINFO[0m[0000] EXPOSE 8080                                  
[36mINFO[0m[0000] cmd: EXPOSE                                  
[36mINFO[0m[0000] Adding exposed port: 8080/tcp                
[36mINFO[0m[0000] No files changed in this command, skipping snapshotting. 
[36mINFO[0m[0000] ENTRYPOINT ["/bdd-gh-1583822580"]            
[36mINFO[0m[0000] No files changed in this command, skipping snapshotting. 
[36mINFO[0m[0000] Using files from context: [/workspace/source/bin] 
[36mINFO[0m[0000] COPY ./bin/ /                                
[36mINFO[0m[0000] Taking snapshot of files...                  
2020/03/10 07:05:54 pushed blob: sha256:0afa607779792bff89aef042294fa56fb944e6cca58036ea364a041fd32d84d5
2020/03/10 07:05:55 pushed blob: sha256:56c1195aea4d6d2811e4a69ace9bc56335df5dbdb5584118e1e3854ce37b38dd
2020/03/10 07:05:56 gcr.io/jenkins-x-bdd3/bdd-gh-1583822580:0.0.0-SNAPSHOT-PR-1-1: digest: sha256:38dc14cb4ad56dc44128c0c9a9dfbb583c4598065fa4ff0cbeecdaaf90fa06ee size: 428

Showing logs for build [32mcb-kubecd-bdd-gh-1583822580-pr-zc64q-1[0m stage [32mfrom-build-pack[0m and container [32mstep-postbuild-post-build[0m
no CVE provider running in the current ** namespace so skip adding image to be analysed

Showing logs for build [32mcb-kubecd-bdd-gh-1583822580-pr-zc64q-1[0m stage [32mfrom-build-pack[0m and container [32mstep-promote-make-preview[0m
sed -i -e "s/version:.*/version: 0.0.0-SNAPSHOT-PR-1-1/" Chart.yaml
sed -i -e "s/version:.*/version: 0.0.0-SNAPSHOT-PR-1-1/" ../*/Chart.yaml
sed -i -e "s|repository:.*|repository: gcr.io\/jenkins-x-bdd3\/bdd-gh-1583822580|" values.yaml
sed -i -e "s/tag:.*/tag: 0.0.0-SNAPSHOT-PR-1-1/" values.yaml
echo "  version: 0.0.0-SNAPSHOT-PR-1-1" >> requirements.yaml
** step helm build
WARNING: No $CHART_REPOSITORY defined so using the default value of: http://jenkins-x-chartmuseum:8080
Adding missing Helm repo: storage.googleapis.com https://storage.googleapis.com/chartmuseum.jenkins-x.io
WARNING: No secrets found on "helm/repos" due: reading the secret "helm/repos" from vault: no secret "helm/repos" not found in vault
Read credentials for https://storage.googleapis.com/chartmuseum.jenkins-x.io from vault helm/repos
Successfully added Helm repository storage.googleapis.com.
Adding missing Helm repo: jenkins-x-chartmuseum http://jenkins-x-chartmuseum:8080
WARNING: No secrets found on "helm/repos" due: reading the secret "helm/repos" from vault: no secret "helm/repos" not found in vault
Read credentials for http://jenkins-x-chartmuseum:8080 from vault helm/repos
Successfully added Helm repository jenkins-x-chartmuseum.
WARNING: No $CHART_REPOSITORY defined so using the default value of: http://jenkins-x-chartmuseum:8080
Adding missing Helm repo: chartmuseum.jenkins-x.io http://chartmuseum.jenkins-x.io
WARNING: No secrets found on "helm/repos" due: reading the secret "helm/repos" from vault: no secret "helm/repos" not found in vault
Read credentials for http://chartmuseum.jenkins-x.io from vault helm/repos
Successfully added Helm repository chartmuseum.jenkins-x.io.

Showing logs for build [32mcb-kubecd-bdd-gh-1583822580-pr-zc64q-1[0m stage [32mfrom-build-pack[0m and container [32mstep-promote-jx-preview[0m
Creating a preview
Created environment cb-kubecd-bdd-gh-1583822580-pr-1
Namespace **-cb-kubecd-bdd-gh-1583822580-pr-1 created 
expose:
  Annotations:
    helm.sh/hook: post-install,post-upgrade
    helm.sh/hook-delete-policy: hook-succeeded
  config:
    domain: 35.195.40.131.nip.io
    exposer: Ingress
    http: "true"
preview:
  image:
    repository: gcr.io/jenkins-x-bdd3/bdd-gh-1583822580
    tag: 0.0.0-SNAPSHOT-PR-1-1

Updating PipelineActivities cb-kubecd-bdd-gh-1583822580-pr-1-1 which has status Running
WARNING: preview application http://bdd-gh-1583822580.**-cb-kubecd-bdd-gh-1583822580-pr-1.35.195.40.131.nip.io not available, error was 503 503 Service Temporarily Unavailable, delaying for: 958.442479ms
WARNING: preview application http://bdd-gh-1583822580.**-cb-kubecd-bdd-gh-1583822580-pr-1.35.195.40.131.nip.io not available, error was 503 503 Service Temporarily Unavailable, delaying for: 2.018749181s
Preview application is now available at: http://bdd-gh-1583822580.**-cb-kubecd-bdd-gh-1583822580-pr-1.35.195.40.131.nip.io
